[DEBUG][20-04-09][org.springframework.context.support.ClassPathXmlApplicationContext]Refreshing org.springframework.context.support.ClassPathXmlApplicationContext@2cfb4a64
[DEBUG][20-04-09][org.springframework.beans.factory.xml.XmlBeanDefinitionReader]Loaded 4 bean definitions from class path resource [beanList.xml]
[DEBUG][20-04-09][org.springframework.beans.factory.support.DefaultListableBeanFactory]Creating shared instance of singleton bean 'org.springframework.beans.factory.config.CustomScopeConfigurer#0'
[DEBUG][20-04-09][org.springframework.beans.factory.support.DefaultListableBeanFactory]Creating shared instance of singleton bean 'book'
[DEBUG][20-04-09][org.springframework.beans.factory.support.DefaultListableBeanFactory]Creating shared instance of singleton bean 'book2'
[DEBUG][20-04-09][org.springframework.beans.factory.support.DefaultListableBeanFactory]Creating shared instance of singleton bean 'student'
[INFO][20-04-09][com.kuang.TestBeanList]this is book bean for IOC [Books(bookID=10, bookName=书名测试, bookCounts=2, detail=detail)]
[INFO][20-04-09][com.kuang.TestBeanList]this is student bean for IOC [Student(name=null, sex=null, books=null, hubby={1=2, 3=3, 4=4, 5=5, 11=8}, properties=null)]
[DEBUG][20-04-09][org.springframework.context.support.ClassPathXmlApplicationContext]Refreshing org.springframework.context.support.ClassPathXmlApplicationContext@2cfb4a64
[DEBUG][20-04-09][org.springframework.beans.factory.xml.XmlBeanDefinitionReader]Loaded 4 bean definitions from class path resource [beanList.xml]
[DEBUG][20-04-09][org.springframework.beans.factory.support.DefaultListableBeanFactory]Creating shared instance of singleton bean 'org.springframework.beans.factory.config.CustomScopeConfigurer#0'
[DEBUG][20-04-09][org.springframework.beans.factory.support.DefaultListableBeanFactory]Creating shared instance of singleton bean 'book'
[DEBUG][20-04-09][org.springframework.beans.factory.support.DefaultListableBeanFactory]Creating shared instance of singleton bean 'book2'
[DEBUG][20-04-09][org.springframework.beans.factory.support.DefaultListableBeanFactory]Creating shared instance of singleton bean 'student'
[WARN][20-04-09][org.springframework.context.support.ClassPathXmlApplicationContext]Exception encountered during context initialization - cancelling refresh attempt: org.springframework.beans.factory.BeanCreationException: Error creating bean with name 'student' defined in class path resource [beanList.xml]: Initialization of bean failed; nested exception is org.springframework.beans.ConversionNotSupportedException: Failed to convert property value of type 'java.util.ArrayList' to required type 'java.util.List' for property 'books'; nested exception is java.lang.IllegalStateException: Cannot convert value of type 'java.lang.String' to required type 'com.kuang.pojo.Books' for property 'books[0]': no matching editors or conversion strategy found
[DEBUG][20-04-09][org.springframework.context.support.ClassPathXmlApplicationContext]Refreshing org.springframework.context.support.ClassPathXmlApplicationContext@2cfb4a64
[DEBUG][20-04-09][org.springframework.beans.factory.xml.XmlBeanDefinitionReader]Loaded 4 bean definitions from class path resource [beanList.xml]
[DEBUG][20-04-09][org.springframework.beans.factory.support.DefaultListableBeanFactory]Creating shared instance of singleton bean 'org.springframework.beans.factory.config.CustomScopeConfigurer#0'
[DEBUG][20-04-09][org.springframework.beans.factory.support.DefaultListableBeanFactory]Creating shared instance of singleton bean 'book'
[DEBUG][20-04-09][org.springframework.beans.factory.support.DefaultListableBeanFactory]Creating shared instance of singleton bean 'book2'
[DEBUG][20-04-09][org.springframework.beans.factory.support.DefaultListableBeanFactory]Creating shared instance of singleton bean 'student'
[WARN][20-04-09][org.springframework.context.support.ClassPathXmlApplicationContext]Exception encountered during context initialization - cancelling refresh attempt: org.springframework.beans.factory.BeanCreationException: Error creating bean with name 'student' defined in class path resource [beanList.xml]: Initialization of bean failed; nested exception is org.springframework.beans.ConversionNotSupportedException: Failed to convert property value of type 'java.util.ArrayList' to required type 'java.util.List' for property 'books'; nested exception is java.lang.IllegalStateException: Cannot convert value of type 'java.lang.String' to required type 'com.kuang.pojo.Books' for property 'books[0]': no matching editors or conversion strategy found
[DEBUG][20-04-09][org.springframework.context.support.ClassPathXmlApplicationContext]Refreshing org.springframework.context.support.ClassPathXmlApplicationContext@2cfb4a64
[DEBUG][20-04-09][org.springframework.beans.factory.xml.XmlBeanDefinitionReader]Loaded 4 bean definitions from class path resource [beanList.xml]
[DEBUG][20-04-09][org.springframework.beans.factory.support.DefaultListableBeanFactory]Creating shared instance of singleton bean 'org.springframework.beans.factory.config.CustomScopeConfigurer#0'
[DEBUG][20-04-09][org.springframework.beans.factory.support.DefaultListableBeanFactory]Creating shared instance of singleton bean 'book'
[DEBUG][20-04-09][org.springframework.beans.factory.support.DefaultListableBeanFactory]Creating shared instance of singleton bean 'book2'
[DEBUG][20-04-09][org.springframework.beans.factory.support.DefaultListableBeanFactory]Creating shared instance of singleton bean 'student'
[WARN][20-04-09][org.springframework.context.support.ClassPathXmlApplicationContext]Exception encountered during context initialization - cancelling refresh attempt: org.springframework.beans.factory.BeanCreationException: Error creating bean with name 'student' defined in class path resource [beanList.xml]: Initialization of bean failed; nested exception is org.springframework.beans.ConversionNotSupportedException: Failed to convert property value of type 'java.lang.Object[]' to required type 'java.util.List' for property 'books'; nested exception is java.lang.IllegalStateException: Cannot convert value of type 'java.lang.String' to required type 'com.kuang.pojo.Books' for property 'books[0]': no matching editors or conversion strategy found
[DEBUG][20-04-09][org.springframework.context.support.ClassPathXmlApplicationContext]Refreshing org.springframework.context.support.ClassPathXmlApplicationContext@2cfb4a64
[DEBUG][20-04-09][org.springframework.beans.factory.xml.XmlBeanDefinitionReader]Loaded 2 bean definitions from class path resource [beanList.xml]
[DEBUG][20-04-09][org.springframework.beans.factory.support.DefaultListableBeanFactory]Creating shared instance of singleton bean 'book'
[DEBUG][20-04-09][org.springframework.beans.factory.support.DefaultListableBeanFactory]Creating shared instance of singleton bean 'student'
[WARN][20-04-09][org.springframework.context.support.ClassPathXmlApplicationContext]Exception encountered during context initialization - cancelling refresh attempt: org.springframework.beans.factory.BeanCreationException: Error creating bean with name 'student' defined in class path resource [beanList.xml]: Initialization of bean failed; nested exception is org.springframework.beans.ConversionNotSupportedException: Failed to convert property value of type 'java.util.ArrayList' to required type 'java.util.List' for property 'books'; nested exception is java.lang.IllegalStateException: Cannot convert value of type 'java.lang.String' to required type 'com.kuang.pojo.Books' for property 'books[0]': no matching editors or conversion strategy found
[DEBUG][20-04-09][org.springframework.context.support.ClassPathXmlApplicationContext]Refreshing org.springframework.context.support.ClassPathXmlApplicationContext@2cfb4a64
[DEBUG][20-04-09][org.springframework.beans.factory.xml.XmlBeanDefinitionReader]Loaded 2 bean definitions from class path resource [beanList.xml]
[DEBUG][20-04-09][org.springframework.beans.factory.support.DefaultListableBeanFactory]Creating shared instance of singleton bean 'book'
[WARN][20-04-09][org.springframework.context.support.ClassPathXmlApplicationContext]Exception encountered during context initialization - cancelling refresh attempt: org.springframework.beans.factory.BeanCreationException: Error creating bean with name 'book' defined in class path resource [beanList.xml]: Error setting property values; nested exception is org.springframework.beans.NotWritablePropertyException: Invalid property 'bookName' of bean class [com.kuang.pojo.Books]: Bean property 'bookName' is not writable or has an invalid setter method. Does the parameter type of the setter match the return type of the getter?
[DEBUG][20-04-09][org.springframework.context.support.ClassPathXmlApplicationContext]Refreshing org.springframework.context.support.ClassPathXmlApplicationContext@2cfb4a64
[DEBUG][20-04-09][org.springframework.beans.factory.xml.XmlBeanDefinitionReader]Loaded 2 bean definitions from class path resource [beanList.xml]
[DEBUG][20-04-09][org.springframework.beans.factory.support.DefaultListableBeanFactory]Creating shared instance of singleton bean 'book'
[WARN][20-04-09][org.springframework.context.support.ClassPathXmlApplicationContext]Exception encountered during context initialization - cancelling refresh attempt: org.springframework.beans.factory.BeanCreationException: Error creating bean with name 'book' defined in class path resource [beanList.xml]: Error setting property values; nested exception is org.springframework.beans.NotWritablePropertyException: Invalid property 'bookName' of bean class [com.kuang.pojo.Books]: Bean property 'bookName' is not writable or has an invalid setter method. Does the parameter type of the setter match the return type of the getter?
[DEBUG][20-04-09][org.springframework.context.support.ClassPathXmlApplicationContext]Refreshing org.springframework.context.support.ClassPathXmlApplicationContext@2cfb4a64
[DEBUG][20-04-09][org.springframework.beans.factory.xml.XmlBeanDefinitionReader]Loaded 2 bean definitions from class path resource [beanList.xml]
[DEBUG][20-04-09][org.springframework.beans.factory.support.DefaultListableBeanFactory]Creating shared instance of singleton bean 'book'
[DEBUG][20-04-09][org.springframework.beans.factory.support.DefaultListableBeanFactory]Creating shared instance of singleton bean 'student'
[WARN][20-04-09][org.springframework.context.support.ClassPathXmlApplicationContext]Exception encountered during context initialization - cancelling refresh attempt: org.springframework.beans.factory.BeanCreationException: Error creating bean with name 'student' defined in class path resource [beanList.xml]: Initialization of bean failed; nested exception is org.springframework.beans.ConversionNotSupportedException: Failed to convert property value of type 'java.util.ArrayList' to required type 'java.util.List' for property 'addresses'; nested exception is java.lang.IllegalStateException: Cannot convert value of type 'java.lang.String' to required type 'com.kuang.pojo.Address' for property 'addresses[0]': no matching editors or conversion strategy found
[DEBUG][20-04-09][org.springframework.context.support.ClassPathXmlApplicationContext]Refreshing org.springframework.context.support.ClassPathXmlApplicationContext@2cfb4a64
[DEBUG][20-04-09][org.springframework.beans.factory.xml.XmlBeanDefinitionReader]Loaded 2 bean definitions from class path resource [beanList.xml]
[DEBUG][20-04-09][org.springframework.beans.factory.support.DefaultListableBeanFactory]Creating shared instance of singleton bean 'book'
[DEBUG][20-04-09][org.springframework.beans.factory.support.DefaultListableBeanFactory]Creating shared instance of singleton bean 'student'
[WARN][20-04-09][org.springframework.context.support.ClassPathXmlApplicationContext]Exception encountered during context initialization - cancelling refresh attempt: org.springframework.beans.factory.BeanCreationException: Error creating bean with name 'student' defined in class path resource [beanList.xml]: Initialization of bean failed; nested exception is org.springframework.beans.ConversionNotSupportedException: Failed to convert property value of type 'java.util.ArrayList' to required type 'java.util.ArrayList' for property 'address'; nested exception is java.lang.IllegalStateException: Cannot convert value of type 'java.lang.String' to required type 'com.kuang.pojo.Address' for property 'address[0]': no matching editors or conversion strategy found
[DEBUG][20-04-09][org.springframework.context.support.ClassPathXmlApplicationContext]Refreshing org.springframework.context.support.ClassPathXmlApplicationContext@71f2a7d5
[DEBUG][20-04-09][org.springframework.beans.factory.xml.XmlBeanDefinitionReader]Loaded 3 bean definitions from class path resource [beanList.xml]
[DEBUG][20-04-09][org.springframework.beans.factory.support.DefaultListableBeanFactory]Creating shared instance of singleton bean 'book'
[DEBUG][20-04-09][org.springframework.beans.factory.support.DefaultListableBeanFactory]Creating shared instance of singleton bean 'address'
[DEBUG][20-04-09][org.springframework.beans.factory.support.DefaultListableBeanFactory]Creating shared instance of singleton bean 'student'
[INFO][20-04-09][com.kuang.TestBeanList]this is book bean for IOC [Books(bookID=10, bookName=书名测试, bookCounts=2, detail=detail)]
[INFO][20-04-09][com.kuang.TestBeanList]this is student bean for IOC [Student(name=名称, sex=男, address=com.kuang.pojo.Address@3d8314f0, mouse=[known.spammer@example.org, known.hacker@example.org, john.doe@example.org], hubby={1=2, 3=3, 4=4, 5=5, 11=8}, properties={2=})]
[DEBUG][20-04-09][org.springframework.context.support.ClassPathXmlApplicationContext]Refreshing org.springframework.context.support.ClassPathXmlApplicationContext@2cfb4a64
[DEBUG][20-04-09][org.springframework.beans.factory.xml.XmlBeanDefinitionReader]Loaded 3 bean definitions from class path resource [beanList.xml]
[DEBUG][20-04-09][org.springframework.beans.factory.support.DefaultListableBeanFactory]Creating shared instance of singleton bean 'book'
[DEBUG][20-04-09][org.springframework.beans.factory.support.DefaultListableBeanFactory]Creating shared instance of singleton bean 'address'
[DEBUG][20-04-09][org.springframework.beans.factory.support.DefaultListableBeanFactory]Creating shared instance of singleton bean 'student'
[INFO][20-04-09][com.kuang.TestBeanList]this is book bean for IOC [Books(bookID=10, bookName=书名测试, bookCounts=2, detail=detail)]
[INFO][20-04-09][com.kuang.TestBeanList]this is student bean for IOC [Student(name=名称, sex=男, address=com.kuang.pojo.Address@2df32bf7, mouse=[1, 2, 3], hubby={1=2, 3=3, 4=4, 5=5, 11=8}, properties={2=})]
[DEBUG][20-04-09][org.springframework.context.support.ClassPathXmlApplicationContext]Refreshing org.springframework.context.support.ClassPathXmlApplicationContext@2cfb4a64
[DEBUG][20-04-09][org.springframework.beans.factory.xml.XmlBeanDefinitionReader]Loaded 3 bean definitions from class path resource [beanList.xml]
[DEBUG][20-04-09][org.springframework.beans.factory.support.DefaultListableBeanFactory]Creating shared instance of singleton bean 'book'
[DEBUG][20-04-09][org.springframework.beans.factory.support.DefaultListableBeanFactory]Creating shared instance of singleton bean 'address'
[DEBUG][20-04-09][org.springframework.beans.factory.support.DefaultListableBeanFactory]Creating shared instance of singleton bean 'student'
[INFO][20-04-09][com.kuang.TestBeanList]this is book bean for IOC [Books(bookID=10, bookName=书名测试, bookCounts=2, detail=detail)]
[INFO][20-04-09][com.kuang.TestBeanList]this is student bean for IOC [Student(name=名称, sex=男, address=Address{name='name2222'}, mouse=[1, 2, 3], hubby={1=2, 3=3, 4=4, 5=5, 11=8}, properties={2=})]
[DEBUG][20-04-09][org.springframework.context.support.ClassPathXmlApplicationContext]Refreshing org.springframework.context.support.ClassPathXmlApplicationContext@2cfb4a64
[DEBUG][20-04-09][org.springframework.beans.factory.xml.XmlBeanDefinitionReader]Loaded 3 bean definitions from class path resource [beanList.xml]
[DEBUG][20-04-09][org.springframework.beans.factory.support.DefaultListableBeanFactory]Creating shared instance of singleton bean 'book'
[DEBUG][20-04-09][org.springframework.beans.factory.support.DefaultListableBeanFactory]Creating shared instance of singleton bean 'address'
[DEBUG][20-04-09][org.springframework.beans.factory.support.DefaultListableBeanFactory]Creating shared instance of singleton bean 'student'
[WARN][20-04-09][org.springframework.context.support.ClassPathXmlApplicationContext]Exception encountered during context initialization - cancelling refresh attempt: org.springframework.beans.factory.BeanCreationException: Error creating bean with name 'student' defined in class path resource [beanList.xml]: Initialization of bean failed; nested exception is org.springframework.beans.ConversionNotSupportedException: Failed to convert property value of type 'java.lang.Object[]' to required type 'java.sql.Array' for property 'arrays'; nested exception is java.lang.IllegalStateException: Cannot convert value of type 'java.lang.Object[]' to required type 'java.sql.Array' for property 'arrays': no matching editors or conversion strategy found
[DEBUG][20-04-09][org.springframework.context.support.ClassPathXmlApplicationContext]Refreshing org.springframework.context.support.ClassPathXmlApplicationContext@2cfb4a64
[DEBUG][20-04-09][org.springframework.beans.factory.xml.XmlBeanDefinitionReader]Loaded 3 bean definitions from class path resource [beanList.xml]
[DEBUG][20-04-09][org.springframework.beans.factory.support.DefaultListableBeanFactory]Creating shared instance of singleton bean 'book'
[DEBUG][20-04-09][org.springframework.beans.factory.support.DefaultListableBeanFactory]Creating shared instance of singleton bean 'address'
[DEBUG][20-04-09][org.springframework.beans.factory.support.DefaultListableBeanFactory]Creating shared instance of singleton bean 'student'
[WARN][20-04-09][org.springframework.context.support.ClassPathXmlApplicationContext]Exception encountered during context initialization - cancelling refresh attempt: org.springframework.beans.factory.BeanCreationException: Error creating bean with name 'student' defined in class path resource [beanList.xml]: Initialization of bean failed; nested exception is org.springframework.beans.ConversionNotSupportedException: Failed to convert property value of type 'java.lang.Object[]' to required type 'java.util.Arrays' for property 'arrays'; nested exception is java.lang.IllegalStateException: Cannot convert value of type 'java.lang.Object[]' to required type 'java.util.Arrays' for property 'arrays': no matching editors or conversion strategy found
[DEBUG][20-04-09][org.springframework.context.support.ClassPathXmlApplicationContext]Refreshing org.springframework.context.support.ClassPathXmlApplicationContext@2cfb4a64
[DEBUG][20-04-09][org.springframework.beans.factory.xml.XmlBeanDefinitionReader]Loaded 3 bean definitions from class path resource [beanList.xml]
[DEBUG][20-04-09][org.springframework.beans.factory.support.DefaultListableBeanFactory]Creating shared instance of singleton bean 'book'
[DEBUG][20-04-09][org.springframework.beans.factory.support.DefaultListableBeanFactory]Creating shared instance of singleton bean 'address'
[DEBUG][20-04-09][org.springframework.beans.factory.support.DefaultListableBeanFactory]Creating shared instance of singleton bean 'student'
[WARN][20-04-09][org.springframework.context.support.ClassPathXmlApplicationContext]Exception encountered during context initialization - cancelling refresh attempt: org.springframework.beans.factory.BeanCreationException: Error creating bean with name 'student' defined in class path resource [beanList.xml]: Initialization of bean failed; nested exception is org.springframework.beans.ConversionNotSupportedException: Failed to convert property value of type 'java.lang.Object[]' to required type 'java.util.Arrays' for property 'arrays'; nested exception is java.lang.IllegalStateException: Cannot convert value of type 'java.lang.Object[]' to required type 'java.util.Arrays' for property 'arrays': no matching editors or conversion strategy found
[DEBUG][20-04-09][org.springframework.context.support.ClassPathXmlApplicationContext]Refreshing org.springframework.context.support.ClassPathXmlApplicationContext@2cfb4a64
[DEBUG][20-04-09][org.springframework.beans.factory.xml.XmlBeanDefinitionReader]Loaded 3 bean definitions from class path resource [beanList.xml]
[DEBUG][20-04-09][org.springframework.beans.factory.support.DefaultListableBeanFactory]Creating shared instance of singleton bean 'book'
[DEBUG][20-04-09][org.springframework.beans.factory.support.DefaultListableBeanFactory]Creating shared instance of singleton bean 'address'
[DEBUG][20-04-09][org.springframework.beans.factory.support.DefaultListableBeanFactory]Creating shared instance of singleton bean 'student'
[INFO][20-04-09][com.kuang.TestBeanList]this is book bean for IOC [Books(bookID=10, bookName=书名测试, bookCounts=2, detail=detail)]
[INFO][20-04-09][com.kuang.TestBeanList]this is student bean for IOC [Student(name=名称, sex=男, address=Address{name='name2222'}, mouse=[1, 2, 3], hubby={1=2, 3=3, 4=4, 5=5, 11=8}, properties={2=}, arrays=[3, 3, 3, 3])]
[DEBUG][20-04-09][org.springframework.context.support.ClassPathXmlApplicationContext]Refreshing org.springframework.context.support.ClassPathXmlApplicationContext@2cfb4a64
[DEBUG][20-04-09][org.springframework.beans.factory.xml.XmlBeanDefinitionReader]Loaded 3 bean definitions from class path resource [beanList.xml]
[DEBUG][20-04-09][org.springframework.beans.factory.support.DefaultListableBeanFactory]Creating shared instance of singleton bean 'book'
[DEBUG][20-04-09][org.springframework.beans.factory.support.DefaultListableBeanFactory]Creating shared instance of singleton bean 'address'
[DEBUG][20-04-09][org.springframework.beans.factory.support.DefaultListableBeanFactory]Creating shared instance of singleton bean 'student'
[INFO][20-04-09][com.kuang.TestBeanList]this is book bean for IOC [Books(bookID=10, bookName=书名测试, bookCounts=2, detail=detail)]
[INFO][20-04-09][com.kuang.TestBeanList]this is student bean for IOC [Student(name=名称, sex=男, address=Address{name='name2222'}, mouse=[1, 2, 3], hubby={1=2, 3=3, 4=4, 5=5, 11=8}, properties={3=3, 2=2, 1=1}, arrays=[3, 3, 3, 3])]
